2024-12-08 19:44:00,278 INFO Serving on http://127.0.0.1:8000
2024-12-08 19:45:02,319 INFO Serving on http://127.0.0.1:8000
2024-12-08 23:19:50,932 INFO Serving on http://127.0.0.1:8000
2024-12-08 23:20:04,217 WARNING Not Found: /favicon.ico
2024-12-08 23:23:48,811 WARNING Not Found: /favicon.ico
2024-12-10 09:03:36,009 INFO Serving on http://127.0.0.1:8000
2024-12-10 09:03:54,096 WARNING Not Found: /static/it/js/jquery-1.11.3.min.js
2024-12-10 09:03:54,097 WARNING Not Found: /static/it/js/common.js
2024-12-10 09:03:54,098 WARNING Not Found: /static/it/css/main.css
2024-12-10 09:03:54,099 WARNING Not Found: /static/it/css/basic.css
2024-12-10 09:03:54,100 WARNING Not Found: /static/it/css/special_topic.css
2024-12-10 09:03:54,100 WARNING Not Found: /static/it/css/flexslider.css
2024-12-10 09:03:54,101 WARNING Not Found: /static/it/css/footer.css
2024-12-10 09:03:54,104 WARNING Not Found: /static/it/css/special_transverse.css
2024-12-10 09:03:54,107 WARNING Not Found: /static/it/plugins/bootstrap/bootstrap.min.css
2024-12-10 09:03:54,108 WARNING Not Found: /static/it/plugins/themify-icons/themify-icons.css
2024-12-10 09:03:54,109 WARNING Not Found: /static/it/assets/style.css
2024-12-10 09:03:54,110 WARNING Not Found: /static/plugin/sweetalert2.min.css
2024-12-10 09:03:54,111 WARNING Not Found: /static/it/js/slide_palace_treasury.js
2024-12-10 09:03:54,113 WARNING Not Found: /static/it/js/special_transverse.js
2024-12-10 09:03:54,114 WARNING Not Found: /static/plugin/sweetalert2.min.js
2024-12-10 09:03:54,117 WARNING Not Found: /static/it/img/gree.ico
2024-12-10 09:03:54,118 WARNING Not Found: /static/it/images/fire.svg
2024-12-10 09:03:54,273 WARNING Not Found: /media/banner/2024/12/banner1.jpg
2024-12-10 09:03:54,275 WARNING Not Found: /media/banner/2024/12/banner2.jpg
2024-12-10 09:03:54,276 WARNING Not Found: /static/it/css/main.css
2024-12-10 09:03:54,276 WARNING Task queue depth is 1
2024-12-10 09:03:54,277 WARNING Not Found: /static/it/css/flexslider.css
2024-12-10 09:03:54,278 WARNING Not Found: /static/it/css/footer.css
2024-12-10 09:03:54,278 WARNING Not Found: /static/it/css/basic.css
2024-12-10 09:03:54,278 WARNING Task queue depth is 1
2024-12-10 09:03:54,288 WARNING Not Found: /static/it/img/arrow_right.jpg
2024-12-10 09:03:54,289 WARNING Not Found: /static/it/js/jquery.flexslider-min.js
2024-12-10 09:03:54,291 WARNING Not Found: /static/it/css/special_transverse.css
2024-12-10 09:03:54,291 WARNING Not Found: /static/it/css/special_topic.css
2024-12-10 09:03:54,292 WARNING Task queue depth is 1
2024-12-10 09:03:54,293 WARNING Not Found: /static/it/js/submit_suggest.js
2024-12-10 09:03:54,293 WARNING Not Found: /static/it/js/basic.js
2024-12-10 09:03:54,295 WARNING Not Found: /static/it/plugins/bootstrap/bootstrap.min.css
2024-12-10 09:03:54,296 WARNING Not Found: /static/it/plugins/themify-icons/themify-icons.css
2024-12-10 09:03:54,297 WARNING Not Found: /static/it/assets/style.css
2024-12-10 09:03:54,297 WARNING Not Found: /static/plugin/sweetalert2.min.css
2024-12-10 09:03:54,298 WARNING Task queue depth is 1
2024-12-10 09:03:54,298 WARNING Not Found: /static/it/js/proposal-Submit.js
2024-12-10 09:03:54,299 WARNING Not Found: /static/it/js/baidusearch.js
2024-12-10 09:03:54,303 WARNING Not Found: /static/it/js/askciTongJi.js
2024-12-10 09:03:54,303 WARNING Not Found: /static/it/plugins/match-height/jquery.matchHeight-min.js
2024-12-10 09:03:54,304 WARNING Not Found: /static/it/plugins/bootstrap/bootstrap.min.js
2024-12-10 09:03:54,304 WARNING Not Found: /static/it/assets/script.js
2024-12-10 09:03:54,305 WARNING Task queue depth is 1
2024-12-10 09:03:54,306 WARNING Not Found: /static/it/plugins/jquery/jquery-1.12.4.js
2024-12-10 09:03:54,306 WARNING Not Found: /static/it/js/jquery.common.js
2024-12-10 09:03:54,307 WARNING Not Found: /static/it/plugins/image1.askci.com/jingzhuenzhaoshang_img/images/2019-06-1000000007.png
2024-12-10 09:03:54,309 WARNING Not Found: /static/it/img/person-fill-check.svg
2024-12-10 09:03:54,309 WARNING Not Found: /static/it/plugins/image1.askci.com/jingzhuenzhaoshang_img/images/2019-06-1000000008.png
2024-12-10 09:03:54,310 WARNING Not Found: /static/it/img/gree.ico
2024-12-10 09:03:54,311 WARNING Not Found: /static/it/img/tip_03.jpg
2024-12-10 09:03:54,311 WARNING Task queue depth is 1
2024-12-10 09:03:54,312 WARNING Not Found: /static/it/img/arrow_right.jpg
2024-12-10 09:03:54,312 WARNING Not Found: /static/it/img/report_01.jpg
2024-12-10 09:03:55,290 WARNING Not Found: /static/it/img/gree.ico
2024-12-10 09:03:58,696 WARNING Not Found: /static/it/js/jquery-1.11.3.min.js
2024-12-10 09:03:58,698 WARNING Not Found: /static/it/js/common.js
2024-12-10 09:03:58,699 WARNING Not Found: /static/it/css/main.css
2024-12-10 09:03:58,700 WARNING Not Found: /static/it/css/basic.css
2024-12-10 09:03:58,700 WARNING Not Found: /static/it/css/flexslider.css
2024-12-10 09:03:58,700 WARNING Task queue depth is 1
2024-12-10 09:03:58,702 WARNING Not Found: /static/it/css/footer.css
2024-12-10 09:03:58,703 WARNING Not Found: /static/it/css/special_topic.css
2024-12-10 09:03:58,707 WARNING Not Found: /static/it/css/special_transverse.css
2024-12-10 09:03:58,708 WARNING Not Found: /static/it/plugins/themify-icons/themify-icons.css
2024-12-10 09:03:58,708 WARNING Not Found: /static/it/plugins/bootstrap/bootstrap.min.css
2024-12-10 09:03:58,709 WARNING Task queue depth is 1
2024-12-10 09:03:58,710 WARNING Not Found: /static/it/assets/style.css
2024-12-10 09:03:58,711 WARNING Not Found: /static/plugin/sweetalert2.min.css
2024-12-10 09:03:58,711 WARNING Not Found: /static/plugin/sweetalert2.min.js
2024-12-10 09:03:58,711 WARNING Task queue depth is 1
2024-12-10 09:03:58,712 WARNING Not Found: /static/it/js/special_transverse.js
2024-12-10 09:03:58,713 WARNING Not Found: /static/it/js/slide_palace_treasury.js
2024-12-10 09:03:58,715 WARNING Not Found: /static/it/images/fire.svg
2024-12-10 09:03:58,716 WARNING Not Found: /static/it/img/gree.ico
2024-12-10 09:03:58,751 WARNING Not Found: /media/banner/2024/12/banner1.jpg
2024-12-10 09:03:58,752 WARNING Not Found: /media/banner/2024/12/banner2.jpg
2024-12-10 09:03:58,755 WARNING Task queue depth is 1
2024-12-10 09:03:58,755 WARNING Not Found: /static/it/css/main.css
2024-12-10 09:03:58,756 WARNING Not Found: /static/it/css/footer.css
2024-12-10 09:03:58,756 WARNING Not Found: /static/it/css/flexslider.css
2024-12-10 09:03:58,757 WARNING Not Found: /static/it/css/basic.css
2024-12-10 09:03:58,757 WARNING Task queue depth is 2
2024-12-10 09:03:58,758 WARNING Not Found: /static/it/img/arrow_right.jpg
2024-12-10 09:03:58,759 WARNING Not Found: /static/it/js/jquery.flexslider-min.js
2024-12-10 09:03:58,761 WARNING Not Found: /static/it/css/special_topic.css
2024-12-10 09:03:58,761 WARNING Not Found: /static/it/css/special_transverse.css
2024-12-10 09:03:58,765 WARNING Not Found: /static/it/js/basic.js
2024-12-10 09:03:58,765 WARNING Not Found: /static/it/js/submit_suggest.js
2024-12-10 09:03:58,769 WARNING Not Found: /static/it/plugins/bootstrap/bootstrap.min.css
2024-12-10 09:03:58,770 WARNING Not Found: /static/it/assets/style.css
2024-12-10 09:03:58,770 WARNING Not Found: /static/it/js/baidusearch.js
2024-12-10 09:03:58,771 WARNING Not Found: /static/it/plugins/themify-icons/themify-icons.css
2024-12-10 09:03:58,771 WARNING Task queue depth is 1
2024-12-10 09:03:58,772 WARNING Not Found: /static/plugin/sweetalert2.min.css
2024-12-10 09:03:58,773 WARNING Not Found: /static/it/js/proposal-Submit.js
2024-12-10 09:03:58,775 WARNING Not Found: /static/it/js/askciTongJi.js
2024-12-10 09:03:58,776 WARNING Task queue depth is 1
2024-12-10 09:03:58,777 WARNING Not Found: /static/it/plugins/match-height/jquery.matchHeight-min.js
2024-12-10 09:03:58,777 WARNING Not Found: /static/it/assets/script.js
2024-12-10 09:03:58,778 WARNING Not Found: /static/it/plugins/bootstrap/bootstrap.min.js
2024-12-10 09:03:58,778 WARNING Task queue depth is 2
2024-12-10 09:03:58,779 WARNING Not Found: /static/it/plugins/jquery/jquery-1.12.4.js
2024-12-10 09:03:58,780 WARNING Not Found: /static/it/js/jquery.common.js
2024-12-10 09:03:58,780 WARNING Not Found: /static/it/plugins/image1.askci.com/jingzhuenzhaoshang_img/images/2019-06-1000000007.png
2024-12-10 09:03:58,781 WARNING Not Found: /static/it/img/person-fill-check.svg
2024-12-10 09:03:58,782 WARNING Not Found: /static/it/img/report_01.jpg
2024-12-10 09:03:58,782 WARNING Not Found: /static/it/plugins/image1.askci.com/jingzhuenzhaoshang_img/images/2019-06-1000000008.png
2024-12-10 09:03:58,783 WARNING Not Found: /static/it/img/tip_03.jpg
2024-12-10 09:03:58,784 WARNING Not Found: /static/it/img/arrow_right.jpg
2024-12-10 09:03:58,794 WARNING Not Found: /static/it/img/gree.ico
2024-12-10 09:04:01,207 WARNING Not Found: /static/it/js/jquery-1.11.3.min.js
2024-12-10 09:04:01,208 WARNING Not Found: /static/it/js/common.js
2024-12-10 09:04:01,209 WARNING Not Found: /static/it/css/main.css
2024-12-10 09:04:01,210 WARNING Not Found: /static/it/css/footer.css
2024-12-10 09:04:01,211 WARNING Not Found: /static/it/css/flexslider.css
2024-12-10 09:04:01,211 WARNING Task queue depth is 1
2024-12-10 09:04:01,212 WARNING Not Found: /static/it/css/basic.css
2024-12-10 09:04:01,213 WARNING Not Found: /static/it/css/special_topic.css
2024-12-10 09:04:01,214 WARNING Not Found: /static/it/plugins/bootstrap/bootstrap.min.css
2024-12-10 09:04:01,214 WARNING Not Found: /static/it/css/special_transverse.css
2024-12-10 09:04:01,214 WARNING Task queue depth is 1
2024-12-10 09:04:01,215 WARNING Not Found: /static/it/plugins/themify-icons/themify-icons.css
2024-12-10 09:04:01,216 WARNING Not Found: /static/it/assets/style.css
2024-12-10 09:04:01,217 WARNING Not Found: /static/plugin/sweetalert2.min.css
2024-12-10 09:04:01,221 WARNING Not Found: /static/it/js/slide_palace_treasury.js
2024-12-10 09:04:01,222 WARNING Not Found: /static/it/js/special_transverse.js
2024-12-10 09:04:01,222 WARNING Task queue depth is 1
2024-12-10 09:04:01,223 WARNING Not Found: /static/it/images/fire.svg
2024-12-10 09:04:01,223 WARNING Not Found: /static/it/img/gree.ico
2024-12-10 09:04:01,224 WARNING Not Found: /static/plugin/sweetalert2.min.js
2024-12-10 09:04:01,264 WARNING Not Found: /media/banner/2024/12/banner2.jpg
2024-12-10 09:04:01,264 WARNING Not Found: /media/banner/2024/12/banner1.jpg
2024-12-10 09:04:01,267 WARNING Not Found: /static/it/img/arrow_right.jpg
2024-12-10 09:04:01,268 WARNING Not Found: /static/it/css/main.css
2024-12-10 09:04:01,269 WARNING Task queue depth is 1
2024-12-10 09:04:01,270 WARNING Not Found: /static/it/js/jquery.flexslider-min.js
2024-12-10 09:04:01,270 WARNING Not Found: /static/it/css/basic.css
2024-12-10 09:04:01,270 WARNING Not Found: /static/it/css/footer.css
2024-12-10 09:04:01,271 WARNING Not Found: /static/it/css/flexslider.css
2024-12-10 09:04:01,271 WARNING Task queue depth is 1
2024-12-10 09:04:01,272 WARNING Not Found: /static/it/js/basic.js
2024-12-10 09:04:01,275 WARNING Not Found: /static/it/js/submit_suggest.js
2024-12-10 09:04:01,275 WARNING Not Found: /static/it/css/special_topic.css
2024-12-10 09:04:01,276 WARNING Not Found: /static/it/js/proposal-Submit.js
2024-12-10 09:04:01,276 WARNING Not Found: /static/it/css/special_transverse.css
2024-12-10 09:04:01,277 WARNING Task queue depth is 1
2024-12-10 09:04:01,277 WARNING Not Found: /static/it/js/baidusearch.js
2024-12-10 09:04:01,280 WARNING Not Found: /static/it/plugins/bootstrap/bootstrap.min.css
2024-12-10 09:04:01,281 WARNING Not Found: /static/it/js/askciTongJi.js
2024-12-10 09:04:01,281 WARNING Not Found: /static/it/plugins/themify-icons/themify-icons.css
2024-12-10 09:04:01,282 WARNING Task queue depth is 1
2024-12-10 09:04:01,283 WARNING Not Found: /static/it/assets/style.css
2024-12-10 09:04:01,283 WARNING Not Found: /static/plugin/sweetalert2.min.css
2024-12-10 09:04:01,284 WARNING Not Found: /static/it/js/jquery.common.js
2024-12-10 09:04:01,285 WARNING Not Found: /static/it/plugins/jquery/jquery-1.12.4.js
2024-12-10 09:04:01,288 WARNING Not Found: /static/it/plugins/bootstrap/bootstrap.min.js
2024-12-10 09:04:01,288 WARNING Not Found: /static/it/plugins/match-height/jquery.matchHeight-min.js
2024-12-10 09:04:01,289 WARNING Not Found: /static/it/plugins/image1.askci.com/jingzhuenzhaoshang_img/images/2019-06-1000000008.png
2024-12-10 09:04:01,290 WARNING Not Found: /static/it/plugins/image1.askci.com/jingzhuenzhaoshang_img/images/2019-06-1000000007.png
2024-12-10 09:04:01,290 WARNING Task queue depth is 1
2024-12-10 09:04:01,291 WARNING Not Found: /static/it/img/person-fill-check.svg
2024-12-10 09:04:01,291 WARNING Not Found: /static/it/assets/script.js
2024-12-10 09:04:01,292 WARNING Not Found: /static/it/img/report_01.jpg
2024-12-10 09:04:01,303 WARNING Not Found: /static/it/img/tip_03.jpg
2024-12-10 09:04:01,303 WARNING Not Found: /static/it/img/arrow_right.jpg
2024-12-10 09:04:01,304 WARNING Not Found: /static/it/img/gree.ico
2024-12-10 09:04:01,653 WARNING Not Found: /static/it/js/jquery-1.11.3.min.js
2024-12-10 09:04:01,654 WARNING Not Found: /static/it/js/common.js
2024-12-10 09:04:01,655 WARNING Not Found: /static/it/css/main.css
2024-12-10 09:04:01,655 WARNING Not Found: /static/it/css/footer.css
2024-12-10 09:04:01,656 WARNING Not Found: /static/it/css/flexslider.css
2024-12-10 09:04:01,656 WARNING Task queue depth is 1
2024-12-10 09:04:01,658 WARNING Not Found: /static/it/css/basic.css
2024-12-10 09:04:01,659 WARNING Not Found: /static/it/css/special_topic.css
2024-12-10 09:04:01,660 WARNING Not Found: /static/it/css/special_transverse.css
2024-12-10 09:04:01,661 WARNING Not Found: /static/it/plugins/bootstrap/bootstrap.min.css
2024-12-10 09:04:01,661 WARNING Not Found: /static/it/plugins/themify-icons/themify-icons.css
2024-12-10 09:04:01,662 WARNING Not Found: /static/it/assets/style.css
2024-12-10 09:04:01,664 WARNING Not Found: /static/it/js/slide_palace_treasury.js
2024-12-10 09:04:01,665 WARNING Not Found: /static/plugin/sweetalert2.min.css
2024-12-10 09:04:01,665 WARNING Not Found: /static/it/js/special_transverse.js
2024-12-10 09:04:01,666 WARNING Task queue depth is 1
2024-12-10 09:04:01,667 WARNING Not Found: /static/plugin/sweetalert2.min.js
2024-12-10 09:04:01,667 WARNING Not Found: /static/it/img/gree.ico
2024-12-10 09:04:01,668 WARNING Not Found: /static/it/images/fire.svg
2024-12-10 09:04:01,707 WARNING Not Found: /media/banner/2024/12/banner2.jpg
2024-12-10 09:04:01,707 WARNING Not Found: /media/banner/2024/12/banner1.jpg
2024-12-10 09:04:01,710 WARNING Not Found: /static/it/img/arrow_right.jpg
2024-12-10 09:04:01,712 WARNING Not Found: /static/it/js/jquery.flexslider-min.js
2024-12-10 09:04:01,713 WARNING Not Found: /static/it/js/basic.js
2024-12-10 09:04:01,715 WARNING Not Found: /static/it/css/main.css
2024-12-10 09:04:01,716 WARNING Not Found: /static/it/css/basic.css
2024-12-10 09:04:01,717 WARNING Not Found: /static/it/css/flexslider.css
2024-12-10 09:04:01,717 WARNING Not Found: /static/it/css/footer.css
2024-12-10 09:04:01,717 WARNING Task queue depth is 1
2024-12-10 09:04:01,718 WARNING Not Found: /static/it/js/proposal-Submit.js
2024-12-10 09:04:01,719 WARNING Not Found: /static/it/js/submit_suggest.js
2024-12-10 09:04:01,722 WARNING Not Found: /static/it/css/special_topic.css
2024-12-10 09:04:01,723 WARNING Not Found: /static/it/css/special_transverse.css
2024-12-10 09:04:01,723 WARNING Not Found: /static/it/js/askciTongJi.js
2024-12-10 09:04:01,724 WARNING Not Found: /static/it/js/baidusearch.js
2024-12-10 09:04:01,727 WARNING Not Found: /static/it/plugins/bootstrap/bootstrap.min.css
2024-12-10 09:04:01,728 WARNING Not Found: /static/it/js/jquery.common.js
2024-12-10 09:04:01,729 WARNING Not Found: /static/it/plugins/jquery/jquery-1.12.4.js
2024-12-10 09:04:01,729 WARNING Not Found: /static/plugin/sweetalert2.min.css
2024-12-10 09:04:01,730 WARNING Task queue depth is 1
2024-12-10 09:04:01,730 WARNING Not Found: /static/it/assets/style.css
2024-12-10 09:04:01,731 WARNING Not Found: /static/it/plugins/themify-icons/themify-icons.css
2024-12-10 09:04:01,732 WARNING Not Found: /static/it/plugins/bootstrap/bootstrap.min.js
2024-12-10 09:04:01,733 WARNING Not Found: /static/it/plugins/match-height/jquery.matchHeight-min.js
2024-12-10 09:04:01,734 WARNING Not Found: /static/it/assets/script.js
2024-12-10 09:04:01,735 WARNING Not Found: /static/it/plugins/image1.askci.com/jingzhuenzhaoshang_img/images/2019-06-1000000008.png
2024-12-10 09:04:01,736 WARNING Not Found: /static/it/plugins/image1.askci.com/jingzhuenzhaoshang_img/images/2019-06-1000000007.png
2024-12-10 09:04:01,737 WARNING Not Found: /static/it/img/person-fill-check.svg
2024-12-10 09:04:01,737 WARNING Not Found: /static/it/img/report_01.jpg
2024-12-10 09:04:01,738 WARNING Not Found: /static/it/img/arrow_right.jpg
2024-12-10 09:04:01,738 WARNING Task queue depth is 1
2024-12-10 09:04:01,739 WARNING Not Found: /static/it/img/tip_03.jpg
2024-12-10 09:04:01,740 WARNING Not Found: /static/it/img/gree.ico
2024-12-10 09:04:02,255 WARNING Not Found: /static/it/js/jquery-1.11.3.min.js
2024-12-10 09:04:02,256 WARNING Not Found: /static/it/js/common.js
2024-12-10 09:04:02,257 WARNING Not Found: /static/it/css/footer.css
2024-12-10 09:04:02,257 WARNING Task queue depth is 1
2024-12-10 09:04:02,258 WARNING Not Found: /static/it/css/main.css
2024-12-10 09:04:02,259 WARNING Not Found: /static/it/css/flexslider.css
2024-12-10 09:04:02,259 WARNING Not Found: /static/it/css/basic.css
2024-12-10 09:04:02,276 WARNING Not Found: /static/it/css/special_topic.css
2024-12-10 09:04:02,277 WARNING Task queue depth is 1
2024-12-10 09:04:02,278 WARNING Not Found: /static/it/plugins/bootstrap/bootstrap.min.css
2024-12-10 09:04:02,278 WARNING Not Found: /static/it/plugins/themify-icons/themify-icons.css
2024-12-10 09:04:02,279 WARNING Not Found: /static/it/assets/style.css
2024-12-10 09:04:02,279 WARNING Not Found: /static/it/css/special_transverse.css
2024-12-10 09:04:02,279 WARNING Task queue depth is 1
2024-12-10 09:04:02,280 WARNING Not Found: /static/plugin/sweetalert2.min.css
2024-12-10 09:04:02,299 WARNING Not Found: /static/it/js/slide_palace_treasury.js
2024-12-10 09:04:02,301 WARNING Not Found: /static/it/js/special_transverse.js
2024-12-10 09:04:02,302 WARNING Not Found: /static/plugin/sweetalert2.min.js
2024-12-10 09:04:02,303 WARNING Not Found: /static/it/images/fire.svg
2024-12-10 09:04:02,303 WARNING Not Found: /static/it/img/gree.ico
2024-12-10 09:04:02,319 WARNING Not Found: /media/banner/2024/12/banner2.jpg
2024-12-10 09:04:02,320 WARNING Not Found: /media/banner/2024/12/banner1.jpg
2024-12-10 09:04:02,322 WARNING Not Found: /static/it/img/arrow_right.jpg
2024-12-10 09:04:02,323 WARNING Not Found: /static/it/css/footer.css
2024-12-10 09:04:02,324 WARNING Not Found: /static/it/css/flexslider.css
2024-12-10 09:04:02,324 WARNING Not Found: /static/it/css/basic.css
2024-12-10 09:04:02,325 WARNING Task queue depth is 1
2024-12-10 09:04:02,326 WARNING Not Found: /static/it/js/jquery.flexslider-min.js
2024-12-10 09:04:02,327 WARNING Not Found: /static/it/css/main.css
2024-12-10 09:04:02,328 WARNING Not Found: /static/it/js/basic.js
2024-12-10 09:04:02,330 WARNING Not Found: /static/it/js/submit_suggest.js
2024-12-10 09:04:02,331 WARNING Not Found: /static/it/css/special_topic.css
2024-12-10 09:04:02,331 WARNING Not Found: /static/it/css/special_transverse.css
2024-12-10 09:04:02,332 WARNING Not Found: /static/it/js/proposal-Submit.js
2024-12-10 09:04:02,333 WARNING Not Found: /static/it/js/baidusearch.js
2024-12-10 09:04:02,335 WARNING Not Found: /static/it/plugins/bootstrap/bootstrap.min.css
2024-12-10 09:04:02,336 WARNING Not Found: /static/it/assets/style.css
2024-12-10 09:04:02,336 WARNING Not Found: /static/it/plugins/themify-icons/themify-icons.css
2024-12-10 09:04:02,337 WARNING Not Found: /static/it/js/jquery.common.js
2024-12-10 09:04:02,337 WARNING Not Found: /static/plugin/sweetalert2.min.css
2024-12-10 09:04:02,338 WARNING Task queue depth is 1
2024-12-10 09:04:02,339 WARNING Not Found: /static/it/js/askciTongJi.js
2024-12-10 09:04:02,342 WARNING Not Found: /static/it/plugins/jquery/jquery-1.12.4.js
2024-12-10 09:04:02,343 WARNING Not Found: /static/it/plugins/bootstrap/bootstrap.min.js
2024-12-10 09:04:02,343 WARNING Task queue depth is 1
2024-12-10 09:04:02,344 WARNING Not Found: /static/it/assets/script.js
2024-12-10 09:04:02,345 WARNING Not Found: /static/it/img/person-fill-check.svg
2024-12-10 09:04:02,346 WARNING Not Found: /static/it/plugins/match-height/jquery.matchHeight-min.js
2024-12-10 09:04:02,346 WARNING Task queue depth is 1
2024-12-10 09:04:02,347 WARNING Not Found: /static/it/plugins/image1.askci.com/jingzhuenzhaoshang_img/images/2019-06-1000000007.png
2024-12-10 09:04:02,347 WARNING Not Found: /static/it/plugins/image1.askci.com/jingzhuenzhaoshang_img/images/2019-06-1000000008.png
2024-12-10 09:04:02,348 WARNING Not Found: /static/it/img/report_01.jpg
2024-12-10 09:04:02,349 WARNING Not Found: /static/it/img/tip_03.jpg
2024-12-10 09:04:02,352 WARNING Not Found: /static/it/img/arrow_right.jpg
2024-12-10 09:04:02,353 WARNING Not Found: /static/it/img/gree.ico
2024-12-10 09:04:02,999 WARNING Not Found: /static/it/js/jquery-1.11.3.min.js
2024-12-10 09:04:03,001 WARNING Not Found: /static/it/js/common.js
2024-12-10 09:04:03,003 WARNING Not Found: /static/it/css/main.css
2024-12-10 09:04:03,004 WARNING Not Found: /static/it/css/footer.css
2024-12-10 09:04:03,006 WARNING Not Found: /static/it/css/flexslider.css
2024-12-10 09:04:03,006 WARNING Task queue depth is 1
2024-12-10 09:04:03,007 WARNING Not Found: /static/it/css/basic.css
2024-12-10 09:04:03,008 WARNING Not Found: /static/it/css/special_topic.css
2024-12-10 09:04:03,009 WARNING Not Found: /static/it/css/special_transverse.css
2024-12-10 09:04:03,010 WARNING Not Found: /static/it/plugins/bootstrap/bootstrap.min.css
2024-12-10 09:04:03,010 WARNING Task queue depth is 1
2024-12-10 09:04:03,011 WARNING Not Found: /static/it/plugins/themify-icons/themify-icons.css
2024-12-10 09:04:03,012 WARNING Not Found: /static/it/assets/style.css
2024-12-10 09:04:03,013 WARNING Not Found: /static/plugin/sweetalert2.min.css
2024-12-10 09:04:03,013 WARNING Task queue depth is 1
2024-12-10 09:04:03,014 WARNING Not Found: /static/it/js/slide_palace_treasury.js
2024-12-10 09:04:03,015 WARNING Not Found: /static/plugin/sweetalert2.min.js
2024-12-10 09:04:03,015 WARNING Not Found: /static/it/js/special_transverse.js
2024-12-10 09:04:03,015 WARNING Task queue depth is 1
2024-12-10 09:04:03,016 WARNING Not Found: /static/it/img/gree.ico
2024-12-10 09:04:03,017 WARNING Not Found: /static/it/images/fire.svg
2024-12-10 09:04:03,060 WARNING Not Found: /media/banner/2024/12/banner2.jpg
2024-12-10 09:04:03,060 WARNING Not Found: /media/banner/2024/12/banner1.jpg
2024-12-10 09:04:03,062 WARNING Not Found: /static/it/img/arrow_right.jpg
2024-12-10 09:04:03,063 WARNING Not Found: /static/it/css/main.css
2024-12-10 09:04:03,064 WARNING Not Found: /static/it/css/flexslider.css
2024-12-10 09:04:03,065 WARNING Not Found: /static/it/css/basic.css
2024-12-10 09:04:03,065 WARNING Task queue depth is 1
2024-12-10 09:04:03,066 WARNING Not Found: /static/it/js/jquery.flexslider-min.js
2024-12-10 09:04:03,067 WARNING Not Found: /static/it/css/footer.css
2024-12-10 09:04:03,068 WARNING Not Found: /static/it/js/basic.js
2024-12-10 09:04:03,070 WARNING Not Found: /static/it/css/special_topic.css
2024-12-10 09:04:03,071 WARNING Not Found: /static/it/css/special_transverse.css
2024-12-10 09:04:03,071 WARNING Not Found: /static/it/js/submit_suggest.js
2024-12-10 09:04:03,074 WARNING Not Found: /static/it/js/proposal-Submit.js
2024-12-10 09:04:03,076 WARNING Not Found: /static/it/plugins/themify-icons/themify-icons.css
2024-12-10 09:04:03,076 WARNING Not Found: /static/it/plugins/bootstrap/bootstrap.min.css
2024-12-10 09:04:03,077 WARNING Not Found: /static/it/assets/style.css
2024-12-10 09:04:03,078 WARNING Not Found: /static/plugin/sweetalert2.min.css
2024-12-10 09:04:03,078 WARNING Task queue depth is 1
2024-12-10 09:04:03,079 WARNING Not Found: /static/it/js/askciTongJi.js
2024-12-10 09:04:03,079 WARNING Not Found: /static/it/js/baidusearch.js
2024-12-10 09:04:03,082 WARNING Not Found: /static/it/js/jquery.common.js
2024-12-10 09:04:03,083 WARNING Not Found: /static/it/plugins/bootstrap/bootstrap.min.js
2024-12-10 09:04:03,083 WARNING Not Found: /static/it/plugins/jquery/jquery-1.12.4.js
2024-12-10 09:04:03,084 WARNING Not Found: /static/it/plugins/match-height/jquery.matchHeight-min.js
2024-12-10 09:04:03,084 WARNING Task queue depth is 1
2024-12-10 09:04:03,085 WARNING Not Found: /static/it/img/person-fill-check.svg
2024-12-10 09:04:03,086 WARNING Not Found: /static/it/assets/script.js
2024-12-10 09:04:03,088 WARNING Not Found: /static/it/plugins/image1.askci.com/jingzhuenzhaoshang_img/images/2019-06-1000000007.png
2024-12-10 09:04:03,089 WARNING Not Found: /static/it/plugins/image1.askci.com/jingzhuenzhaoshang_img/images/2019-06-1000000008.png
2024-12-10 09:04:03,089 WARNING Not Found: /static/it/img/arrow_right.jpg
2024-12-10 09:04:03,090 WARNING Not Found: /static/it/img/gree.ico
2024-12-10 09:04:03,090 WARNING Not Found: /static/it/img/report_01.jpg
2024-12-10 09:04:03,090 WARNING Task queue depth is 1
2024-12-10 09:04:03,093 WARNING Not Found: /static/it/img/tip_03.jpg
2024-12-10 09:13:27,940 WARNING Not Found: /media/banner/2024/12/banner2.jpg
2024-12-10 09:13:27,940 WARNING Not Found: /media/banner/2024/12/banner1.jpg
2024-12-10 09:13:34,176 WARNING Not Found: /static/it/js/jquery-1.11.3.min.js
2024-12-10 09:13:34,181 WARNING Not Found: /static/it/js/common.js
2024-12-10 09:13:34,183 WARNING Not Found: /static/it/css/main.css
2024-12-10 09:13:34,184 WARNING Not Found: /static/it/css/special_topic.css
2024-12-10 09:13:34,185 WARNING Not Found: /static/it/css/basic.css
2024-12-10 09:13:34,186 WARNING Not Found: /static/it/css/flexslider.css
2024-12-10 09:13:34,187 WARNING Not Found: /static/it/css/footer.css
2024-12-10 09:13:34,188 WARNING Not Found: /static/it/plugins/themify-icons/themify-icons.css
2024-12-10 09:13:34,188 WARNING Task queue depth is 1
2024-12-10 09:13:34,189 WARNING Not Found: /static/it/css/special_transverse.css
2024-12-10 09:13:34,190 WARNING Not Found: /static/it/plugins/bootstrap/bootstrap.min.css
2024-12-10 09:13:34,191 WARNING Not Found: /static/it/assets/style.css
2024-12-10 09:13:34,192 WARNING Not Found: /static/plugin/sweetalert2.min.css
2024-12-10 09:13:34,192 WARNING Task queue depth is 1
2024-12-10 09:13:34,193 WARNING Not Found: /static/it/js/special_transverse.js
2024-12-10 09:13:34,193 WARNING Not Found: /static/plugin/sweetalert2.min.js
2024-12-10 09:13:34,194 WARNING Not Found: /static/it/js/slide_palace_treasury.js
2024-12-10 09:13:34,194 WARNING Task queue depth is 1
2024-12-10 09:13:34,195 WARNING Not Found: /static/it/img/gree.ico
2024-12-10 09:13:34,196 WARNING Not Found: /static/it/images/fire.svg
2024-12-10 09:13:34,226 WARNING Not Found: /media/banner/2024/12/banner2.jpg
2024-12-10 09:13:34,227 WARNING Not Found: /media/banner/2024/12/banner1.jpg
2024-12-10 09:13:34,229 WARNING Not Found: /static/it/img/arrow_right.jpg
2024-12-10 09:13:34,229 WARNING Not Found: /static/it/js/jquery.flexslider-min.js
2024-12-10 09:13:34,231 WARNING Not Found: /static/it/css/main.css
2024-12-10 09:13:34,231 WARNING Not Found: /static/it/css/basic.css
2024-12-10 09:13:34,232 WARNING Not Found: /static/it/css/flexslider.css
2024-12-10 09:13:34,232 WARNING Not Found: /static/it/css/footer.css
2024-12-10 09:13:34,236 WARNING Not Found: /static/it/js/basic.js
2024-12-10 09:13:34,237 WARNING Not Found: /static/it/css/special_topic.css
2024-12-10 09:13:34,237 WARNING Not Found: /static/it/js/submit_suggest.js
2024-12-10 09:13:34,238 WARNING Not Found: /static/it/css/special_transverse.css
2024-12-10 09:13:34,238 WARNING Not Found: /static/it/js/proposal-Submit.js
2024-12-10 09:13:34,242 WARNING Not Found: /static/it/js/baidusearch.js
2024-12-10 09:13:34,243 WARNING Not Found: /static/it/plugins/themify-icons/themify-icons.css
2024-12-10 09:13:34,243 WARNING Not Found: /static/it/plugins/bootstrap/bootstrap.min.css
2024-12-10 09:13:34,244 WARNING Not Found: /static/it/assets/style.css
2024-12-10 09:13:34,245 WARNING Not Found: /static/plugin/sweetalert2.min.css
2024-12-10 09:13:34,246 WARNING Not Found: /static/it/js/askciTongJi.js
2024-12-10 09:13:34,246 WARNING Task queue depth is 1
2024-12-10 09:13:34,247 WARNING Not Found: /static/it/js/jquery.common.js
2024-12-10 09:13:34,250 WARNING Not Found: /static/it/plugins/jquery/jquery-1.12.4.js
2024-12-10 09:13:34,251 WARNING Not Found: /static/it/assets/script.js
2024-12-10 09:13:34,251 WARNING Not Found: /static/it/plugins/match-height/jquery.matchHeight-min.js
2024-12-10 09:13:34,252 WARNING Not Found: /static/it/img/person-fill-check.svg
2024-12-10 09:13:34,252 WARNING Task queue depth is 1
2024-12-10 09:13:34,253 WARNING Not Found: /static/it/plugins/bootstrap/bootstrap.min.js
2024-12-10 09:13:34,254 WARNING Not Found: /static/it/plugins/image1.askci.com/jingzhuenzhaoshang_img/images/2019-06-1000000007.png
2024-12-10 09:13:34,255 WARNING Not Found: /static/it/plugins/image1.askci.com/jingzhuenzhaoshang_img/images/2019-06-1000000008.png
2024-12-10 09:13:34,256 WARNING Task queue depth is 1
2024-12-10 09:13:34,259 WARNING Not Found: /static/it/img/report_01.jpg
2024-12-10 09:13:34,259 WARNING Not Found: /static/it/img/tip_03.jpg
2024-12-10 09:13:34,260 WARNING Not Found: /static/it/img/arrow_right.jpg
2024-12-10 09:13:34,260 WARNING Not Found: /static/it/img/gree.ico
2024-12-10 09:13:47,712 WARNING Not Found: /media/banner/2024/12/banner2.jpg
2024-12-10 09:13:47,713 WARNING Not Found: /media/banner/2024/12/banner1.jpg
2024-12-10 09:13:52,093 WARNING Not Found: /media/banner/2024/12/banner2.jpg
2024-12-10 09:13:52,094 WARNING Not Found: /media/banner/2024/12/banner1.jpg
2024-12-10 09:13:54,394 WARNING Not Found: /media/banner/2024/12/banner2.jpg
2024-12-10 09:13:54,395 WARNING Not Found: /media/banner/2024/12/banner1.jpg
2024-12-10 09:13:54,926 WARNING Not Found: /media/banner/2024/12/banner2.jpg
2024-12-10 09:13:54,927 WARNING Not Found: /media/banner/2024/12/banner1.jpg
2024-12-10 09:13:55,280 WARNING Not Found: /media/banner/2024/12/banner2.jpg
2024-12-10 09:13:55,281 WARNING Not Found: /media/banner/2024/12/banner1.jpg
2024-12-10 09:13:55,684 WARNING Not Found: /media/banner/2024/12/banner2.jpg
2024-12-10 09:13:55,685 WARNING Not Found: /media/banner/2024/12/banner1.jpg
2024-12-10 09:13:56,316 WARNING Not Found: /media/banner/2024/12/banner2.jpg
2024-12-10 09:13:56,317 WARNING Not Found: /media/banner/2024/12/banner1.jpg
2024-12-10 09:13:58,707 WARNING Not Found: /media/banner/2024/12/banner2.jpg
2024-12-10 09:13:58,708 WARNING Not Found: /media/banner/2024/12/banner1.jpg
2024-12-10 09:13:59,327 WARNING Not Found: /media/banner/2024/12/banner2.jpg
2024-12-10 09:13:59,327 WARNING Not Found: /media/banner/2024/12/banner1.jpg
2024-12-10 09:13:59,765 WARNING Not Found: /media/banner/2024/12/banner2.jpg
2024-12-10 09:13:59,766 WARNING Not Found: /media/banner/2024/12/banner1.jpg
2024-12-10 09:14:00,076 WARNING Not Found: /media/banner/2024/12/banner2.jpg
2024-12-10 09:14:00,076 WARNING Not Found: /media/banner/2024/12/banner1.jpg
2024-12-10 09:14:00,147 WARNING Not Found: /media/banner/2024/12/banner2.jpg
2024-12-10 09:14:00,148 WARNING Not Found: /media/banner/2024/12/banner1.jpg
2024-12-10 09:14:11,053 INFO Serving on http://127.0.0.1:8000
2024-12-10 09:14:13,630 WARNING Not Found: /media/banner/2024/12/banner2.jpg
2024-12-10 09:14:13,631 WARNING Not Found: /media/banner/2024/12/banner1.jpg
2024-12-10 09:14:14,296 WARNING Not Found: /media/banner/2024/12/banner2.jpg
2024-12-10 09:14:14,296 WARNING Not Found: /media/banner/2024/12/banner1.jpg
2024-12-10 09:14:18,806 WARNING Not Found: /static/it/js/jquery-1.11.3.min.js
2024-12-10 09:14:18,808 WARNING Not Found: /static/it/js/common.js
2024-12-10 09:14:18,808 WARNING Not Found: /static/it/css/main.css
2024-12-10 09:14:18,809 WARNING Not Found: /static/it/css/basic.css
2024-12-10 09:14:18,810 WARNING Not Found: /static/it/css/flexslider.css
2024-12-10 09:14:18,810 WARNING Task queue depth is 1
2024-12-10 09:14:18,813 WARNING Not Found: /static/it/css/footer.css
2024-12-10 09:14:18,814 WARNING Not Found: /static/it/css/special_topic.css
2024-12-10 09:14:18,815 WARNING Not Found: /static/it/css/special_transverse.css
2024-12-10 09:14:18,816 WARNING Not Found: /static/it/plugins/bootstrap/bootstrap.min.css
2024-12-10 09:14:18,818 WARNING Not Found: /static/it/plugins/themify-icons/themify-icons.css
2024-12-10 09:14:18,819 WARNING Not Found: /static/it/assets/style.css
2024-12-10 09:14:18,819 WARNING Not Found: /static/plugin/sweetalert2.min.css
2024-12-10 09:14:18,820 WARNING Task queue depth is 1
2024-12-10 09:14:18,821 WARNING Not Found: /static/it/js/slide_palace_treasury.js
2024-12-10 09:14:18,822 WARNING Not Found: /static/it/js/special_transverse.js
2024-12-10 09:14:18,823 WARNING Not Found: /static/plugin/sweetalert2.min.js
2024-12-10 09:14:18,823 WARNING Task queue depth is 1
2024-12-10 09:14:18,824 WARNING Not Found: /static/it/img/gree.ico
2024-12-10 09:14:18,824 WARNING Not Found: /static/it/images/fire.svg
2024-12-10 09:14:18,867 WARNING Not Found: /media/banner/2024/12/banner2.jpg
2024-12-10 09:14:18,868 WARNING Not Found: /media/banner/2024/12/banner1.jpg
2024-12-10 09:14:18,870 WARNING Not Found: /static/it/img/arrow_right.jpg
2024-12-10 09:14:18,880 WARNING Not Found: /static/it/css/main.css
2024-12-10 09:14:18,881 WARNING Not Found: /static/it/css/footer.css
2024-12-10 09:14:18,881 WARNING Task queue depth is 1
2024-12-10 09:14:18,882 WARNING Not Found: /static/it/css/flexslider.css
2024-12-10 09:14:18,883 WARNING Not Found: /static/it/css/basic.css
2024-12-10 09:14:18,883 WARNING Task queue depth is 1
2024-12-10 09:14:18,884 WARNING Not Found: /static/it/js/jquery.flexslider-min.js
2024-12-10 09:14:18,885 WARNING Not Found: /static/it/js/basic.js
2024-12-10 09:14:18,889 WARNING Not Found: /static/it/css/special_topic.css
2024-12-10 09:14:18,889 WARNING Not Found: /static/it/css/special_transverse.css
2024-12-10 09:14:18,897 WARNING Not Found: /static/it/js/proposal-Submit.js
2024-12-10 09:14:18,897 WARNING Not Found: /static/it/js/submit_suggest.js
2024-12-10 09:14:18,900 WARNING Not Found: /static/it/plugins/themify-icons/themify-icons.css
2024-12-10 09:14:18,901 WARNING Not Found: /static/it/plugins/bootstrap/bootstrap.min.css
2024-12-10 09:14:18,902 WARNING Not Found: /static/it/assets/style.css
2024-12-10 09:14:18,902 WARNING Task queue depth is 1
2024-12-10 09:14:18,903 WARNING Not Found: /static/it/js/askciTongJi.js
2024-12-10 09:14:18,904 WARNING Not Found: /static/plugin/sweetalert2.min.css
2024-12-10 09:14:18,904 WARNING Not Found: /static/it/js/baidusearch.js
2024-12-10 09:14:18,906 WARNING Not Found: /static/it/js/jquery.common.js
2024-12-10 09:14:18,907 WARNING Not Found: /static/it/plugins/jquery/jquery-1.12.4.js
2024-12-10 09:14:18,908 WARNING Task queue depth is 1
2024-12-10 09:14:18,909 WARNING Not Found: /static/it/plugins/bootstrap/bootstrap.min.js
2024-12-10 09:14:18,910 WARNING Not Found: /static/it/plugins/match-height/jquery.matchHeight-min.js
2024-12-10 09:14:18,911 WARNING Not Found: /static/it/assets/script.js
2024-12-10 09:14:18,911 WARNING Not Found: /static/it/img/person-fill-check.svg
2024-12-10 09:14:18,912 WARNING Not Found: /static/it/plugins/image1.askci.com/jingzhuenzhaoshang_img/images/2019-06-1000000007.png
2024-12-10 09:14:18,913 WARNING Not Found: /static/it/plugins/image1.askci.com/jingzhuenzhaoshang_img/images/2019-06-1000000008.png
2024-12-10 09:14:18,914 WARNING Not Found: /static/it/img/report_01.jpg
2024-12-10 09:14:18,914 WARNING Not Found: /static/it/img/tip_03.jpg
2024-12-10 09:14:18,915 WARNING Task queue depth is 1
2024-12-10 09:14:18,915 WARNING Not Found: /static/it/img/arrow_right.jpg
2024-12-10 09:14:18,916 WARNING Not Found: /static/it/img/gree.ico
2024-12-10 09:15:22,621 WARNING Not Found: /media/banner/2024/12/banner2.jpg
2024-12-10 09:15:22,621 WARNING Not Found: /media/banner/2024/12/banner1.jpg
2024-12-10 09:20:49,201 INFO Serving on http://127.0.0.1:8000
2024-12-10 09:20:51,367 WARNING Not Found: /static/it/js/jquery-1.11.3.min.js
2024-12-10 09:20:51,368 WARNING Not Found: /static/it/js/common.js
2024-12-10 09:20:51,369 WARNING Not Found: /static/it/css/main.css
2024-12-10 09:20:51,370 WARNING Not Found: /static/it/css/basic.css
2024-12-10 09:20:51,371 WARNING Not Found: /static/it/css/flexslider.css
2024-12-10 09:20:51,371 WARNING Task queue depth is 1
2024-12-10 09:20:51,372 WARNING Not Found: /static/it/css/special_topic.css
2024-12-10 09:20:51,373 WARNING Not Found: /static/it/css/footer.css
2024-12-10 09:20:51,374 WARNING Not Found: /static/it/css/special_transverse.css
2024-12-10 09:20:51,375 WARNING Not Found: /static/it/plugins/bootstrap/bootstrap.min.css
2024-12-10 09:20:51,376 WARNING Not Found: /static/it/plugins/themify-icons/themify-icons.css
2024-12-10 09:20:51,376 WARNING Task queue depth is 1
2024-12-10 09:20:51,377 WARNING Not Found: /static/it/assets/style.css
2024-12-10 09:20:51,378 WARNING Not Found: /static/plugin/sweetalert2.min.css
2024-12-10 09:20:51,379 WARNING Not Found: /static/it/js/slide_palace_treasury.js
2024-12-10 09:20:51,381 WARNING Not Found: /static/it/js/special_transverse.js
2024-12-10 09:20:51,382 WARNING Not Found: /static/plugin/sweetalert2.min.js
2024-12-10 09:20:51,383 WARNING Not Found: /static/it/img/gree.ico
2024-12-10 09:20:51,384 WARNING Not Found: /static/it/images/fire.svg
2024-12-10 09:20:51,537 WARNING Not Found: /media/banner/2024/12/banner2.jpg
2024-12-10 09:20:51,539 WARNING Not Found: /media/banner/2024/12/banner1.jpg
2024-12-10 09:20:51,540 WARNING Not Found: /static/it/img/arrow_right.jpg
2024-12-10 09:20:51,541 WARNING Not Found: /static/it/css/main.css
2024-12-10 09:20:51,541 WARNING Not Found: /static/it/css/basic.css
2024-12-10 09:20:51,542 WARNING Task queue depth is 1
2024-12-10 09:20:51,552 WARNING Not Found: /static/it/css/flexslider.css
2024-12-10 09:20:51,543 WARNING Not Found: /static/it/css/footer.css
2024-12-10 09:20:51,553 WARNING Not Found: /static/it/js/jquery.flexslider-min.js
2024-12-10 09:20:51,554 WARNING Not Found: /static/it/js/basic.js
2024-12-10 09:20:51,556 WARNING Not Found: /static/it/css/special_topic.css
2024-12-10 09:20:51,557 WARNING Not Found: /static/it/js/proposal-Submit.js
2024-12-10 09:20:51,560 WARNING Not Found: /static/it/css/special_transverse.css
2024-12-10 09:20:51,561 WARNING Not Found: /static/it/js/submit_suggest.js
2024-12-10 09:20:51,562 WARNING Task queue depth is 1
2024-12-10 09:20:51,564 WARNING Not Found: /static/it/js/baidusearch.js
2024-12-10 09:20:51,566 WARNING Not Found: /static/it/plugins/bootstrap/bootstrap.min.css
2024-12-10 09:20:51,567 WARNING Not Found: /static/it/plugins/themify-icons/themify-icons.css
2024-12-10 09:20:51,567 WARNING Not Found: /static/it/assets/style.css
2024-12-10 09:20:51,568 WARNING Not Found: /static/plugin/sweetalert2.min.css
2024-12-10 09:20:51,569 WARNING Not Found: /static/it/js/askciTongJi.js
2024-12-10 09:20:51,569 WARNING Task queue depth is 1
2024-12-10 09:20:51,570 WARNING Not Found: /static/it/js/jquery.common.js
2024-12-10 09:20:51,573 WARNING Not Found: /static/it/plugins/jquery/jquery-1.12.4.js
2024-12-10 09:20:51,573 WARNING Not Found: /static/it/assets/script.js
2024-12-10 09:20:51,574 WARNING Not Found: /static/it/plugins/match-height/jquery.matchHeight-min.js
2024-12-10 09:20:51,575 WARNING Not Found: /static/it/plugins/bootstrap/bootstrap.min.js
2024-12-10 09:20:51,575 WARNING Task queue depth is 1
2024-12-10 09:20:51,576 WARNING Not Found: /static/it/plugins/image1.askci.com/jingzhuenzhaoshang_img/images/2019-06-1000000007.png
2024-12-10 09:20:51,577 WARNING Not Found: /static/it/img/person-fill-check.svg
2024-12-10 09:20:51,579 WARNING Not Found: /static/it/plugins/image1.askci.com/jingzhuenzhaoshang_img/images/2019-06-1000000008.png
2024-12-10 09:20:51,580 WARNING Not Found: /static/it/img/report_01.jpg
2024-12-10 09:20:51,580 WARNING Not Found: /static/it/img/tip_03.jpg
2024-12-10 09:20:51,580 WARNING Task queue depth is 1
2024-12-10 09:20:51,581 WARNING Not Found: /static/it/img/gree.ico
2024-12-10 09:20:51,588 WARNING Not Found: /static/it/img/arrow_right.jpg
2024-12-10 09:20:55,025 WARNING Not Found: /static/it/js/jquery-1.11.3.min.js
2024-12-10 09:20:55,028 WARNING Not Found: /static/it/css/main.css
2024-12-10 09:20:55,030 WARNING Not Found: /static/it/css/basic.css
2024-12-10 09:20:55,031 WARNING Not Found: /static/it/css/flexslider.css
2024-12-10 09:20:55,032 WARNING Not Found: /static/it/css/special_transverse.css
2024-12-10 09:20:55,032 WARNING Not Found: /static/it/css/footer.css
2024-12-10 09:20:55,033 WARNING Not Found: /static/it/css/special_topic.css
2024-12-10 09:20:55,036 WARNING Not Found: /static/it/plugins/bootstrap/bootstrap.min.css
2024-12-10 09:20:55,037 WARNING Not Found: /static/it/plugins/themify-icons/themify-icons.css
2024-12-10 09:20:55,037 WARNING Not Found: /static/it/assets/style.css
2024-12-10 09:20:55,037 WARNING Task queue depth is 1
2024-12-10 09:20:55,038 WARNING Not Found: /static/plugin/sweetalert2.min.css
2024-12-10 09:20:55,039 WARNING Not Found: /static/it/js/common.js
2024-12-10 09:20:55,041 WARNING Not Found: /static/it/js/slide_palace_treasury.js
2024-12-10 09:20:55,041 WARNING Task queue depth is 1
2024-12-10 09:20:55,042 WARNING Not Found: /static/it/js/special_transverse.js
2024-12-10 09:20:55,042 WARNING Not Found: /static/plugin/sweetalert2.min.js
2024-12-10 09:20:55,043 WARNING Not Found: /static/it/images/fire.svg
2024-12-10 09:20:55,043 WARNING Task queue depth is 1
2024-12-10 09:20:55,051 WARNING Not Found: /static/it/img/gree.ico
2024-12-10 09:20:55,078 WARNING Not Found: /media/banner/2024/12/banner2.jpg
2024-12-10 09:20:55,079 WARNING Not Found: /media/banner/2024/12/banner1.jpg
2024-12-10 09:20:55,081 WARNING Not Found: /static/it/img/arrow_right.jpg
2024-12-10 09:20:55,082 WARNING Not Found: /static/it/css/main.css
2024-12-10 09:20:55,083 WARNING Not Found: /static/it/css/basic.css
2024-12-10 09:20:55,084 WARNING Not Found: /static/it/css/flexslider.css
2024-12-10 09:20:55,084 WARNING Task queue depth is 1
2024-12-10 09:20:55,085 WARNING Not Found: /static/it/js/jquery.flexslider-min.js
2024-12-10 09:20:55,090 WARNING Not Found: /static/it/css/footer.css
2024-12-10 09:20:55,090 WARNING Not Found: /static/it/js/basic.js
2024-12-10 09:20:55,094 WARNING Not Found: /static/it/js/submit_suggest.js
2024-12-10 09:20:55,097 WARNING Not Found: /static/it/css/special_topic.css
2024-12-10 09:20:55,098 WARNING Not Found: /static/it/css/special_transverse.css
2024-12-10 09:20:55,098 WARNING Not Found: /static/it/js/baidusearch.js
2024-12-10 09:20:55,099 WARNING Not Found: /static/it/js/proposal-Submit.js
2024-12-10 09:20:55,101 WARNING Not Found: /static/it/plugins/themify-icons/themify-icons.css
2024-12-10 09:20:55,102 WARNING Not Found: /static/it/plugins/bootstrap/bootstrap.min.css
2024-12-10 09:20:55,103 WARNING Not Found: /static/it/assets/style.css
2024-12-10 09:20:55,104 WARNING Not Found: /static/plugin/sweetalert2.min.css
2024-12-10 09:20:55,105 WARNING Not Found: /static/it/js/jquery.common.js
2024-12-10 09:20:55,105 WARNING Not Found: /static/it/js/askciTongJi.js
2024-12-10 09:20:55,122 WARNING Not Found: /static/it/plugins/jquery/jquery-1.12.4.js
2024-12-10 09:20:55,123 WARNING Not Found: /static/it/assets/script.js
2024-12-10 09:20:55,123 WARNING Not Found: /static/it/plugins/match-height/jquery.matchHeight-min.js
2024-12-10 09:20:55,124 WARNING Not Found: /static/it/img/person-fill-check.svg
2024-12-10 09:20:55,124 WARNING Task queue depth is 1
2024-12-10 09:20:55,125 WARNING Not Found: /static/it/plugins/bootstrap/bootstrap.min.js
2024-12-10 09:20:55,126 WARNING Not Found: /static/it/plugins/image1.askci.com/jingzhuenzhaoshang_img/images/2019-06-1000000007.png
2024-12-10 09:20:55,130 WARNING Not Found: /static/it/plugins/image1.askci.com/jingzhuenzhaoshang_img/images/2019-06-1000000008.png
2024-12-10 09:20:55,130 WARNING Not Found: /static/it/img/gree.ico
2024-12-10 09:20:55,131 WARNING Not Found: /static/it/img/arrow_right.jpg
2024-12-10 09:20:55,132 WARNING Not Found: /static/it/img/tip_03.jpg
2024-12-10 09:20:55,133 WARNING Not Found: /static/it/img/report_01.jpg
2024-12-10 09:20:55,401 WARNING Not Found: /static/it/img/gree.ico
2024-12-10 09:20:59,429 WARNING Not Found: /static/it/css/main.css
2024-12-10 09:20:59,429 WARNING Not Found: /static/it/css/basic.css
2024-12-10 09:20:59,430 WARNING Not Found: /static/it/css/footer.css
2024-12-10 09:20:59,431 WARNING Not Found: /static/it/css/flexslider.css
2024-12-10 09:20:59,431 WARNING Task queue depth is 1
2024-12-10 09:20:59,432 WARNING Not Found: /static/it/css/special_transverse.css
2024-12-10 09:20:59,433 WARNING Not Found: /static/it/css/special_topic.css
2024-12-10 09:20:59,434 WARNING Not Found: /static/it/plugins/themify-icons/themify-icons.css
2024-12-10 09:20:59,434 WARNING Not Found: /static/it/plugins/bootstrap/bootstrap.min.css
2024-12-10 09:20:59,435 WARNING Not Found: /static/it/assets/style.css
2024-12-10 09:20:59,435 WARNING Task queue depth is 1
2024-12-10 09:20:59,437 WARNING Not Found: /static/plugin/sweetalert2.min.css
2024-12-10 09:21:03,510 WARNING Not Found: /static/it/js/jquery-1.11.3.min.js
2024-12-10 09:21:03,512 WARNING Not Found: /static/it/js/common.js
2024-12-10 09:21:03,513 WARNING Not Found: /static/it/css/main.css
2024-12-10 09:21:03,513 WARNING Task queue depth is 1
2024-12-10 09:21:03,515 WARNING Not Found: /static/it/css/basic.css
2024-12-10 09:21:03,516 WARNING Not Found: /static/it/css/flexslider.css
2024-12-10 09:21:03,517 WARNING Not Found: /static/it/css/special_topic.css
2024-12-10 09:21:03,517 WARNING Task queue depth is 1
2024-12-10 09:21:03,518 WARNING Not Found: /static/it/css/footer.css
2024-12-10 09:21:03,519 WARNING Not Found: /static/it/css/special_transverse.css
2024-12-10 09:21:03,520 WARNING Not Found: /static/it/plugins/themify-icons/themify-icons.css
2024-12-10 09:21:03,520 WARNING Not Found: /static/it/plugins/bootstrap/bootstrap.min.css
2024-12-10 09:21:03,521 WARNING Task queue depth is 1
2024-12-10 09:21:03,522 WARNING Not Found: /static/plugin/sweetalert2.min.css
2024-12-10 09:21:03,523 WARNING Not Found: /static/it/js/slide_palace_treasury.js
2024-12-10 09:21:03,524 WARNING Not Found: /static/it/assets/style.css
2024-12-10 09:21:03,525 WARNING Not Found: /static/it/js/special_transverse.js
2024-12-10 09:21:03,526 WARNING Not Found: /static/plugin/sweetalert2.min.js
2024-12-10 09:21:03,527 WARNING Not Found: /static/it/img/gree.ico
2024-12-10 09:21:03,537 WARNING Not Found: /static/it/images/fire.svg
2024-12-10 09:21:03,679 WARNING Not Found: /media/banner/2024/12/banner2.jpg
2024-12-10 09:21:03,680 WARNING Not Found: /media/banner/2024/12/banner1.jpg
2024-12-10 09:21:03,682 WARNING Not Found: /static/it/img/arrow_right.jpg
2024-12-10 09:21:03,683 WARNING Not Found: /static/it/js/jquery.flexslider-min.js
2024-12-10 09:21:03,685 WARNING Not Found: /static/it/css/main.css
2024-12-10 09:21:03,686 WARNING Not Found: /static/it/css/basic.css
2024-12-10 09:21:03,686 WARNING Not Found: /static/it/css/flexslider.css
2024-12-10 09:21:03,687 WARNING Not Found: /static/it/js/basic.js
2024-12-10 09:21:03,687 WARNING Task queue depth is 1
2024-12-10 09:21:03,688 WARNING Not Found: /static/it/js/submit_suggest.js
2024-12-10 09:21:03,689 WARNING Not Found: /static/it/css/footer.css
2024-12-10 09:21:03,692 WARNING Not Found: /static/it/js/proposal-Submit.js
2024-12-10 09:21:03,692 WARNING Not Found: /static/it/js/baidusearch.js
2024-12-10 09:21:03,693 WARNING Not Found: /static/it/css/special_topic.css
2024-12-10 09:21:03,694 WARNING Not Found: /static/it/css/special_transverse.css
2024-12-10 09:21:03,695 WARNING Not Found: /static/it/js/askciTongJi.js
2024-12-10 09:21:03,698 WARNING Not Found: /static/it/js/jquery.common.js
2024-12-10 09:21:03,699 WARNING Not Found: /static/it/plugins/bootstrap/bootstrap.min.css
2024-12-10 09:21:03,699 WARNING Not Found: /static/it/plugins/themify-icons/themify-icons.css
2024-12-10 09:21:03,700 WARNING Not Found: /static/plugin/sweetalert2.min.css
2024-12-10 09:21:03,701 WARNING Not Found: /static/it/assets/style.css
2024-12-10 09:21:03,701 WARNING Not Found: /static/it/plugins/jquery/jquery-1.12.4.js
2024-12-10 09:21:03,702 WARNING Task queue depth is 1
2024-12-10 09:21:03,704 WARNING Not Found: /static/it/plugins/bootstrap/bootstrap.min.js
2024-12-10 09:21:03,707 WARNING Not Found: /static/it/plugins/match-height/jquery.matchHeight-min.js
2024-12-10 09:21:03,708 WARNING Not Found: /static/it/plugins/image1.askci.com/jingzhuenzhaoshang_img/images/2019-06-1000000007.png
2024-12-10 09:21:03,709 WARNING Not Found: /static/it/img/person-fill-check.svg
2024-12-10 09:21:03,709 WARNING Not Found: /static/it/assets/script.js
2024-12-10 09:21:03,710 WARNING Not Found: /static/it/plugins/image1.askci.com/jingzhuenzhaoshang_img/images/2019-06-1000000008.png
2024-12-10 09:21:03,711 WARNING Not Found: /static/it/img/report_01.jpg
2024-12-10 09:21:03,711 WARNING Task queue depth is 1
2024-12-10 09:21:03,712 WARNING Not Found: /static/it/img/tip_03.jpg
2024-12-10 09:21:03,713 WARNING Not Found: /static/it/img/arrow_right.jpg
2024-12-10 09:21:03,714 WARNING Not Found: /static/it/img/gree.ico
2024-12-12 06:34:27,525 INFO Serving on http://127.0.0.1:8000
2024-12-12 06:39:15,586 INFO Serving on http://127.0.0.1:8000
2024-12-12 06:39:31,993 WARNING Not Found: /static/it/js/jquery-1.11.3.min.js
2024-12-12 06:39:31,994 WARNING Not Found: /static/it/js/common.js
2024-12-12 06:39:31,994 WARNING Not Found: /static/it/css/main.css
2024-12-12 06:39:31,996 WARNING Not Found: /static/it/css/basic.css
2024-12-12 06:39:31,996 WARNING Not Found: /static/it/css/flexslider.css
2024-12-12 06:39:31,997 WARNING Task queue depth is 1
2024-12-12 06:39:31,998 WARNING Not Found: /static/it/css/footer.css
2024-12-12 06:39:31,999 WARNING Not Found: /static/it/css/special_topic.css
2024-12-12 06:39:31,999 WARNING Not Found: /static/it/css/special_transverse.css
2024-12-12 06:39:32,005 WARNING Not Found: /static/it/plugins/bootstrap/bootstrap.min.css
2024-12-12 06:39:32,006 WARNING Not Found: /static/it/js/slide_palace_treasury.js
2024-12-12 06:39:32,008 WARNING Not Found: /static/it/js/special_transverse.js
2024-12-12 06:39:32,008 WARNING Not Found: /static/it/plugins/themify-icons/themify-icons.css
2024-12-12 06:39:32,009 WARNING Not Found: /static/it/assets/style.css
2024-12-12 06:39:32,010 WARNING Not Found: /static/plugin/sweetalert2.min.css
2024-12-12 06:39:32,010 WARNING Task queue depth is 1
2024-12-12 06:39:32,012 WARNING Not Found: /static/plugin/sweetalert2.min.js
2024-12-12 06:39:32,012 WARNING Not Found: /static/it/img/gree.ico
2024-12-12 06:39:32,014 WARNING Not Found: /static/it/images/fire.svg
2024-12-12 06:39:32,052 WARNING Not Found: /media/banner/2024/12/banner1.jpg
2024-12-12 06:39:32,052 WARNING Not Found: /media/banner/2024/12/banner2.jpg
2024-12-12 06:39:32,053 WARNING Not Found: /static/it/css/main.css
2024-12-12 06:39:32,053 WARNING Not Found: /static/it/css/footer.css
2024-12-12 06:39:32,054 WARNING Not Found: /static/it/css/flexslider.css
2024-12-12 06:39:32,054 WARNING Task queue depth is 1
2024-12-12 06:39:32,055 WARNING Not Found: /static/it/css/basic.css
2024-12-12 06:39:32,056 WARNING Not Found: /static/it/img/arrow_right.jpg
2024-12-12 06:39:32,060 WARNING Not Found: /static/it/js/jquery.flexslider-min.js
2024-12-12 06:39:32,060 WARNING Not Found: /static/it/css/special_topic.css
2024-12-12 06:39:32,064 WARNING Not Found: /static/it/js/basic.js
2024-12-12 06:39:32,065 WARNING Not Found: /static/it/css/special_transverse.css
2024-12-12 06:39:32,066 WARNING Not Found: /static/it/js/submit_suggest.js
2024-12-12 06:39:32,067 WARNING Not Found: /static/it/js/proposal-Submit.js
2024-12-12 06:39:32,069 WARNING Not Found: /static/it/plugins/bootstrap/bootstrap.min.css
2024-12-12 06:39:32,070 WARNING Not Found: /static/it/plugins/themify-icons/themify-icons.css
2024-12-12 06:39:32,070 WARNING Not Found: /static/plugin/sweetalert2.min.css
2024-12-12 06:39:32,071 WARNING Not Found: /static/it/assets/style.css
2024-12-12 06:39:32,072 WARNING Not Found: /static/it/js/baidusearch.js
2024-12-12 06:39:32,072 WARNING Task queue depth is 1
2024-12-12 06:39:32,073 WARNING Not Found: /static/it/js/askciTongJi.js
2024-12-12 06:39:32,076 WARNING Not Found: /static/it/js/jquery.common.js
2024-12-12 06:39:32,077 WARNING Not Found: /static/it/plugins/bootstrap/bootstrap.min.js
2024-12-12 06:39:32,077 WARNING Not Found: /static/it/plugins/jquery/jquery-1.12.4.js
2024-12-12 06:39:32,078 WARNING Not Found: /static/it/plugins/match-height/jquery.matchHeight-min.js
2024-12-12 06:39:32,079 WARNING Not Found: /static/it/assets/script.js
2024-12-12 06:39:32,079 WARNING Task queue depth is 1
2024-12-12 06:39:32,080 WARNING Not Found: /static/it/img/person-fill-check.svg
2024-12-12 06:39:32,081 WARNING Not Found: /static/img_add/tick1.png
2024-12-12 06:39:32,082 WARNING Not Found: /static/it/img/report_01.jpg
2024-12-12 06:39:32,083 WARNING Not Found: /static/it/img/tip_03.jpg
2024-12-12 06:39:32,084 WARNING Not Found: /static/it/img/gree.ico
2024-12-12 06:39:32,085 WARNING Not Found: /static/it/img/arrow_right.jpg
2024-12-12 06:39:32,350 WARNING Not Found: /static/it/img/gree.ico
2024-12-12 06:41:19,462 WARNING Not Found: /static/it/img/gree.ico
2024-12-12 06:45:24,828 WARNING Not Found: /static/it/plugins/bootstrap/bootstrap.min.js.map
2024-12-12 06:45:24,932 WARNING Not Found: /static/it/plugins/bootstrap/bootstrap.min.css.map
2024-12-12 06:45:29,100 WARNING Not Found: /static/img_add/tick1.png
2024-12-12 06:45:29,128 WARNING Not Found: /static/it/plugins/bootstrap/bootstrap.min.css.map
2024-12-12 06:45:29,175 WARNING Not Found: /static/img_add/tick1.png
2024-12-12 06:45:29,200 WARNING Not Found: /static/it/images/bannerblue.png
2024-12-12 06:45:29,204 WARNING Not Found: /static/it/plugins/bootstrap/bootstrap.min.js.map
2024-12-12 06:46:07,728 WARNING Not Found: /static/img_add/tick1.png
2024-12-12 06:46:07,765 WARNING Not Found: /static/img_add/tick1.png
2024-12-12 07:01:52,582 WARNING Not Found: /static/it/js/jquery-1.11.3.min.js
2024-12-12 07:01:52,585 WARNING Not Found: /static/it/js/common.js
2024-12-12 07:01:52,587 WARNING Not Found: /static/it/css/main.css
2024-12-12 07:01:52,588 WARNING Task queue depth is 1
2024-12-12 07:01:52,589 WARNING Not Found: /static/it/css/basic.css
2024-12-12 07:01:52,589 WARNING Not Found: /static/it/css/flexslider.css
2024-12-12 07:01:52,590 WARNING Not Found: /static/it/css/footer.css
2024-12-12 07:01:52,591 WARNING Not Found: /static/it/css/special_topic.css
2024-12-12 07:01:52,591 WARNING Task queue depth is 1
2024-12-12 07:01:52,592 WARNING Not Found: /static/it/css/special_transverse.css
2024-12-12 07:01:52,593 WARNING Not Found: /static/it/plugins/bootstrap/bootstrap.min.css
2024-12-12 07:01:52,593 WARNING Not Found: /static/it/plugins/themify-icons/themify-icons.css
2024-12-12 07:01:52,594 WARNING Not Found: /static/it/assets/style.css
2024-12-12 07:01:52,595 WARNING Not Found: /static/plugin/sweetalert2.min.css
2024-12-12 07:01:52,595 WARNING Task queue depth is 1
2024-12-12 07:01:52,596 WARNING Not Found: /static/it/js/slide_palace_treasury.js
2024-12-12 07:01:52,597 WARNING Not Found: /static/it/js/special_transverse.js
2024-12-12 07:01:52,597 WARNING Not Found: /static/plugin/sweetalert2.min.js
2024-12-12 07:01:52,598 WARNING Not Found: /static/it/img/gree.ico
2024-12-12 07:01:52,599 WARNING Not Found: /static/it/images/fire.svg
2024-12-12 07:01:52,690 WARNING Not Found: /media/banner/2024/12/banner2.jpg
2024-12-12 07:01:52,690 WARNING Not Found: /media/banner/2024/12/banner1.jpg
2024-12-12 07:01:52,693 WARNING Not Found: /static/it/img/arrow_right.jpg
2024-12-12 07:01:52,694 WARNING Not Found: /static/it/js/jquery.flexslider-min.js
2024-12-12 07:01:52,695 WARNING Not Found: /static/it/css/basic.css
2024-12-12 07:01:52,696 WARNING Not Found: /static/it/css/main.css
2024-12-12 07:01:52,696 WARNING Not Found: /static/it/css/flexslider.css
2024-12-12 07:01:52,699 WARNING Not Found: /static/it/css/footer.css
2024-12-12 07:01:52,700 WARNING Not Found: /static/it/js/submit_suggest.js
2024-12-12 07:01:52,701 WARNING Not Found: /static/it/js/basic.js
2024-12-12 07:01:52,702 WARNING Not Found: /static/it/css/special_transverse.css
2024-12-12 07:01:52,702 WARNING Not Found: /static/it/css/special_topic.css
2024-12-12 07:01:52,703 WARNING Not Found: /static/it/js/proposal-Submit.js
2024-12-12 07:01:52,704 WARNING Not Found: /static/it/js/baidusearch.js
2024-12-12 07:01:52,707 WARNING Not Found: /static/it/plugins/bootstrap/bootstrap.min.css
2024-12-12 07:01:52,707 WARNING Not Found: /static/it/assets/style.css
2024-12-12 07:01:52,707 WARNING Not Found: /static/it/plugins/themify-icons/themify-icons.css
2024-12-12 07:01:52,707 WARNING Task queue depth is 1
2024-12-12 07:01:52,708 WARNING Not Found: /static/plugin/sweetalert2.min.css
2024-12-12 07:01:52,709 WARNING Not Found: /static/it/js/askciTongJi.js
2024-12-12 07:01:52,711 WARNING Not Found: /static/it/js/jquery.common.js
2024-12-12 07:01:52,714 WARNING Task queue depth is 1
2024-12-12 07:01:52,714 WARNING Not Found: /static/it/plugins/jquery/jquery-1.12.4.js
2024-12-12 07:01:52,715 WARNING Not Found: /static/it/plugins/bootstrap/bootstrap.min.js
2024-12-12 07:01:52,715 WARNING Not Found: /static/it/plugins/match-height/jquery.matchHeight-min.js
2024-12-12 07:01:52,716 WARNING Not Found: /static/it/assets/script.js
2024-12-12 07:01:52,716 WARNING Task queue depth is 1
2024-12-12 07:01:52,717 WARNING Not Found: /static/img_add/tick1.png
2024-12-12 07:01:52,718 WARNING Not Found: /static/it/img/person-fill-check.svg
2024-12-12 07:01:52,720 WARNING Not Found: /static/it/img/report_01.jpg
2024-12-12 07:01:52,720 WARNING Not Found: /static/it/img/tip_03.jpg
2024-12-12 07:01:52,721 WARNING Not Found: /static/it/img/arrow_right.jpg
2024-12-12 07:01:52,721 WARNING Not Found: /static/it/img/gree.ico
2024-12-12 07:01:53,215 WARNING Not Found: /static/it/img/gree.ico
2024-12-12 07:02:08,151 WARNING Not Found: /favicon.ico
2024-12-12 07:02:31,936 INFO Serving on http://127.0.0.1:8000
2024-12-12 07:11:25,726 INFO Serving on http://127.0.0.1:8000
2024-12-12 07:12:31,318 WARNING Not Found: /favicon.ico
2024-12-12 07:16:18,006 INFO Serving on http://127.0.0.1:8000
2024-12-12 07:37:15,591 INFO Serving on http://127.0.0.1:8000
2024-12-12 07:39:55,748 INFO Serving on http://127.0.0.1:8000
2024-12-12 07:40:39,987 INFO Serving on http://127.0.0.1:8000
2024-12-12 08:44:16,193 INFO Serving on http://127.0.0.1:8000
